#auto generated file!
6.0;0.0
12.0;0.0
18.0;0.0
24.0;0.0
30.0;0.0
36.0;0.0
42.0;0.0
48.0;0.0
54.0;0.0
60.0;0.0
66.0;0.0
72.0;0.0
78.0;0.0
84.0;0.0
90.0;0.0
96.0;0.0
102.0;0.0
108.0;0.0
114.0;0.0
120.0;0.0
126.0;0.0
132.0;0.0
138.0;0.0
144.0;0.35714285714285715
150.0;0.0
156.0;0.0
162.0;0.0
168.0;0.0
174.0;0.0
180.0;0.17857142857142858
186.0;0.0
192.0;0.0
198.0;0.0
204.0;0.0
210.0;0.0
216.0;0.0
222.0;0.0
228.0;0.0
234.0;0.0
240.0;0.0
246.0;0.35714285714285715
252.0;0.0
258.0;0.0
264.0;0.0
270.0;0.0
276.0;0.0
282.0;0.0
288.0;0.0
294.0;0.0
300.0;0.0
306.0;0.0
312.0;0.35714285714285715
318.0;0.0
324.0;0.17857142857142858
330.0;0.0
336.0;0.0
342.0;0.0
348.0;0.0
354.0;0.35714285714285715
360.0;0.0
366.0;0.0
372.0;0.0
378.0;0.0
384.0;0.0
390.0;0.0
396.0;0.0
402.0;0.0
408.0;0.0
414.0;0.0
420.0;0.35714285714285715
426.0;0.0
432.0;0.0
438.0;0.0
444.0;0.0
450.0;0.0
456.0;0.0
462.0;0.0
468.0;0.0
474.0;0.35714285714285715
480.0;0.0
486.0;0.0
492.0;0.0
498.0;0.0
504.0;0.0
510.0;0.0
516.0;0.0
522.0;0.0
528.0;0.0
534.0;0.0
540.0;0.0
546.0;0.0
552.0;0.0
558.0;0.0
564.0;0.0
570.0;0.0
576.0;0.0
582.0;0.0
588.0;0.0
594.0;0.0
600.0;0.0
606.0;0.0
612.0;0.0
618.0;0.35714285714285715
624.0;0.0
630.0;0.0
636.0;0.0
642.0;0.0
648.0;0.0
654.0;0.0
660.0;0.0
666.0;0.0
672.0;0.0
678.0;0.35714285714285715
684.0;0.0
690.0;0.0
696.0;0.0
702.0;0.0
708.0;0.0
714.0;0.0
720.0;0.0
726.0;0.0
732.0;0.0
738.0;0.0
744.0;0.0
750.0;0.0
756.0;0.0
762.0;0.0
768.0;0.0
774.0;0.0
780.0;0.0
786.0;0.0
792.0;0.0
798.0;0.35714285714285715
804.0;0.0
810.0;0.0
816.0;0.0
822.0;0.0
828.0;0.0
834.0;0.0
840.0;0.0
846.0;0.0
852.0;0.0
858.0;0.0
864.0;0.0
870.0;0.0
876.0;0.0
882.0;0.0
888.0;0.0
894.0;0.0
#auto generated file!
6.0;0.0
12.0;0.0
18.0;0.0
24.0;0.0
30.0;0.0
36.0;0.0
42.0;0.0
48.0;0.0
54.0;0.0
60.0;0.0
66.0;0.0
72.0;0.0
78.0;0.7142857142857143
84.0;0.0
90.0;0.0
96.0;0.35714285714285715
102.0;0.0
108.0;0.0
114.0;0.0
120.0;0.0
126.0;0.0
132.0;0.0
138.0;0.0
144.0;0.0
150.0;0.0
156.0;0.0
162.0;0.0
168.0;0.0
174.0;0.0
180.0;0.0
186.0;0.0
192.0;0.0
198.0;0.0
204.0;0.0
210.0;0.0
216.0;0.0
222.0;0.0
228.0;0.0
234.0;0.7142857142857143
240.0;0.0
246.0;0.0
252.0;0.0
258.0;0.0
264.0;0.0
270.0;0.0
276.0;0.0
282.0;0.0
288.0;0.0
294.0;0.0
300.0;0.0
306.0;0.0
312.0;0.0
318.0;0.0
324.0;0.0
330.0;0.0
336.0;0.0
342.0;0.0
348.0;0.0
354.0;0.0
360.0;0.0
366.0;0.0
372.0;0.17857142857142858
378.0;0.0
384.0;0.0
390.0;0.0
396.0;0.0
402.0;0.0
408.0;0.0
414.0;0.0
420.0;0.0
426.0;0.0
432.0;0.0
438.0;0.0
444.0;0.0
450.0;0.35714285714285715
456.0;0.0
462.0;0.0
468.0;0.0
474.0;0.0
480.0;0.0
486.0;0.0
492.0;0.0
498.0;0.0
504.0;0.0
510.0;0.0
516.0;0.0
522.0;0.7142857142857143
528.0;0.0
534.0;0.0
540.0;0.0
546.0;0.0
552.0;0.0
558.0;0.0
564.0;0.0
570.0;0.0
576.0;0.0
582.0;0.0
588.0;0.0
594.0;0.0
600.0;0.0
606.0;0.0
612.0;0.0
618.0;0.0
624.0;0.0
630.0;0.0
636.0;0.0
642.0;0.0
648.0;0.0
654.0;0.0
660.0;0.0
666.0;0.0
672.0;0.0
678.0;0.0
684.0;0.35714285714285715
690.0;0.0
696.0;0.0
702.0;0.0
708.0;0.0
714.0;0.0
720.0;0.0
726.0;0.0
732.0;0.0
738.0;0.0
744.0;0.0
750.0;0.35714285714285715
756.0;0.0
762.0;0.0
768.0;0.0
774.0;0.0
780.0;0.0
786.0;0.0
792.0;0.0
798.0;0.0
804.0;0.0
810.0;0.0
816.0;0.0
822.0;0.0
828.0;0.0
834.0;0.0
840.0;0.0
846.0;0.0
852.0;0.0
858.0;0.0
864.0;0.0
870.0;0.7142857142857143
876.0;0.0
882.0;0.0
888.0;0.0
894.0;0.0
#auto generated file!
6.0;0.0
12.0;0.0
18.0;0.0
24.0;0.7142857142857143
30.0;0.0
36.0;0.0
42.0;0.0
48.0;0.0
54.0;0.0
60.0;0.0
66.0;0.0
72.0;0.0
78.0;0.0
84.0;0.0
90.0;0.0
96.0;0.0
102.0;0.0
108.0;0.0
114.0;0.0
120.0;0.0
126.0;0.7142857142857143
132.0;0.0
138.0;0.0
144.0;0.0
150.0;0.0
156.0;0.0
162.0;0.0
168.0;0.0
174.0;0.0
180.0;0.0
186.0;0.0
192.0;0.0
198.0;0.0
204.0;0.0
210.0;0.0
216.0;0.0
222.0;0.0
228.0;0.0
234.0;0.0
240.0;0.0
246.0;0.0
252.0;0.0
258.0;0.0
264.0;0.7142857142857143
270.0;0.0
276.0;0.0
282.0;0.0
288.0;0.0
294.0;0.0
300.0;0.0
306.0;0.0
312.0;0.0
318.0;0.0
324.0;0.0
330.0;0.0
336.0;0.0
342.0;0.0
348.0;0.0
354.0;0.0
360.0;0.0
366.0;0.0
372.0;0.0
378.0;0.0
384.0;0.0
390.0;0.0
396.0;0.0
402.0;0.0
408.0;0.0
414.0;0.0
420.0;0.0
426.0;0.0
432.0;0.0
438.0;0.0
444.0;0.0
450.0;0.0
456.0;0.0
462.0;0.0
468.0;0.0
474.0;0.0
480.0;0.0
486.0;0.0
492.0;0.0
498.0;0.0
504.0;0.0
510.0;0.0
516.0;0.0
522.0;0.0
528.0;0.0
534.0;0.7142857142857143
540.0;0.0
546.0;0.0
552.0;0.0
558.0;0.0
564.0;0.0
570.0;0.0
576.0;0.0
582.0;0.0
588.0;0.17857142857142858
594.0;0.0
600.0;0.0
606.0;0.0
612.0;0.0
618.0;0.0
624.0;0.0
630.0;0.0
636.0;0.0
642.0;0.0
648.0;0.0
654.0;0.0
660.0;0.0
666.0;0.0
672.0;0.0
678.0;0.0
684.0;0.0
690.0;0.0
696.0;0.0
702.0;0.0
708.0;0.0
714.0;0.0
720.0;0.17857142857142858
726.0;0.0
732.0;0.0
738.0;0.7142857142857143
744.0;0.0
750.0;0.0
756.0;0.0
762.0;0.0
768.0;0.0
774.0;0.0
780.0;0.0
786.0;0.0
792.0;0.0
798.0;0.0
804.0;0.0
810.0;0.0
816.0;0.0
822.0;0.0
828.0;0.0
834.0;0.0
840.0;0.0
846.0;0.17857142857142858
852.0;0.0
858.0;0.0
864.0;0.0
870.0;0.0
876.0;0.0
882.0;0.0
888.0;0.0
894.0;0.0
#auto generated file!
6.0;0.0
12.0;0.0
18.0;0.0
24.0;0.0
30.0;0.0
36.0;0.0
42.0;0.0
48.0;0.0
54.0;0.0
60.0;0.7142857142857143
66.0;0.0
72.0;0.0
78.0;0.0
84.0;0.0
90.0;0.0
96.0;0.0
102.0;0.0
108.0;0.0
114.0;0.0
120.0;0.7142857142857143
126.0;0.0
132.0;0.0
138.0;0.0
144.0;0.0
150.0;0.0
156.0;0.0
162.0;0.7142857142857143
168.0;0.0
174.0;0.7142857142857143
180.0;0.0
186.0;0.0
192.0;0.0
198.0;0.0
204.0;0.0
210.0;0.0
216.0;0.0
222.0;0.0
228.0;0.0
234.0;0.0
240.0;0.0
246.0;0.0
252.0;0.0
258.0;0.0
264.0;0.0
270.0;0.0
276.0;0.0
282.0;0.0
288.0;0.0
294.0;0.0
300.0;0.0
306.0;0.0
312.0;0.0
318.0;0.0
324.0;0.0
330.0;0.0
336.0;0.0
342.0;0.0
348.0;0.0
354.0;0.0
360.0;0.0
366.0;0.35714285714285715
372.0;0.0
378.0;0.0
384.0;0.0
390.0;0.0
396.0;0.0
402.0;0.0
408.0;0.7142857142857143
414.0;0.7142857142857143
420.0;0.0
426.0;0.7142857142857143
432.0;0.0
438.0;0.0
444.0;0.0
450.0;0.0
456.0;0.0
462.0;0.7142857142857143
468.0;0.0
474.0;0.0
480.0;0.0
486.0;0.0
492.0;0.0
498.0;0.17857142857142858
504.0;0.0
510.0;0.0
516.0;0.0
522.0;0.0
528.0;0.0
534.0;0.0
540.0;0.0
546.0;0.0
552.0;0.0
558.0;0.0
564.0;0.7142857142857143
570.0;0.35714285714285715
576.0;0.0
582.0;0.0
588.0;0.0
594.0;0.0
600.0;0.0
606.0;0.0
612.0;0.0
618.0;0.0
624.0;0.0
630.0;0.0
636.0;0.0
642.0;0.0
648.0;0.7142857142857143
654.0;0.0
660.0;0.0
666.0;0.0
672.0;0.0
678.0;0.0
684.0;0.0
690.0;0.0
696.0;0.0
702.0;0.0
708.0;0.0
714.0;0.0
720.0;0.0
726.0;0.0
732.0;0.0
738.0;0.0
744.0;0.7142857142857143
750.0;0.7142857142857143
756.0;0.0
762.0;0.0
768.0;0.0
774.0;0.7142857142857143
780.0;0.7142857142857143
786.0;0.0
792.0;0.0
798.0;0.0
804.0;0.0
810.0;0.35714285714285715
816.0;0.7142857142857143
822.0;0.7142857142857143
828.0;0.0
834.0;0.0
840.0;0.0
846.0;0.0
852.0;0.0
858.0;0.0
864.0;0.7142857142857143
870.0;0.0
876.0;0.0
882.0;0.0
888.0;0.0
894.0;0.7142857142857143
#auto generated file!
6.0;0.0
12.0;0.0
18.0;0.0
24.0;0.0
30.0;0.35714285714285715
36.0;0.0
42.0;0.0
48.0;0.0
54.0;0.0
60.0;0.0
66.0;0.0
72.0;0.0
78.0;0.0
84.0;0.0
90.0;0.0
96.0;0.35714285714285715
102.0;0.35714285714285715
108.0;0.7142857142857143
114.0;0.35714285714285715
120.0;0.0
126.0;0.0
132.0;0.0
138.0;0.0
144.0;0.7142857142857143
150.0;0.0
156.0;0.0
162.0;0.0
168.0;0.0
174.0;0.0
180.0;0.35714285714285715
186.0;0.0
192.0;0.0
198.0;1.0714285714285714
204.0;0.0
210.0;0.0
216.0;0.0
222.0;0.0
228.0;0.7142857142857143
234.0;0.0
240.0;0.7142857142857143
246.0;0.0
252.0;0.0
258.0;0.0
264.0;0.17857142857142858
270.0;0.0
276.0;0.0
282.0;0.0
288.0;0.0
294.0;0.0
300.0;0.0
306.0;0.0
312.0;0.0
318.0;0.0
324.0;0.0
330.0;0.0
336.0;0.0
342.0;0.0
348.0;0.0
354.0;0.0
360.0;0.0
366.0;0.0
372.0;0.0
378.0;0.0
384.0;0.0
390.0;0.0
396.0;0.0
402.0;0.0
408.0;0.0
414.0;0.0
420.0;0.0
426.0;0.0
432.0;0.7142857142857143
438.0;0.0
444.0;0.35714285714285715
450.0;0.0
456.0;0.0
462.0;0.0
468.0;0.0
474.0;0.0
480.0;0.0
486.0;0.0
492.0;0.0
498.0;0.17857142857142858
504.0;0.0
510.0;0.0
516.0;0.0
522.0;0.0
528.0;0.0
534.0;0.0
540.0;0.0
546.0;0.0
552.0;0.0
558.0;0.0
564.0;0.0
570.0;0.0
576.0;0.0
582.0;0.0
588.0;0.0
594.0;0.0
600.0;0.0
606.0;0.0
612.0;0.0
618.0;0.0
624.0;0.0
630.0;0.0
636.0;0.0
642.0;0.0
648.0;0.0
654.0;0.0
660.0;0.0
666.0;0.0
672.0;0.0
678.0;0.35714285714285715
684.0;0.0
690.0;0.0
696.0;0.0
702.0;0.0
708.0;0.17857142857142858
714.0;0.0
720.0;0.0
726.0;0.0
732.0;0.0
738.0;0.0
744.0;0.0
750.0;0.0
756.0;0.0
762.0;0.0
768.0;0.0
774.0;0.0
780.0;0.0
786.0;0.0
792.0;0.0
798.0;0.35714285714285715
804.0;0.0
810.0;0.0
816.0;0.0
822.0;0.0
828.0;0.0
834.0;0.0
840.0;0.0
846.0;0.0
852.0;0.35714285714285715
858.0;0.0
864.0;0.35714285714285715
870.0;0.0
876.0;0.0
882.0;0.0
888.0;0.0
894.0;0.0
