#auto generated file!
16;5;0;0;0.9735807770497704;0.6883291666666377;0.28525161038313274;0.023969319271332695;0.0;0;5
12;0;0;0;0.8543895947860776;0.8236999999999813;0.030689594786096324
4;5;0;0;1.331154323840849;0.282216666666607;1.0489376571742421
#auto generated file!
17;3;0;0;1.0061369250489633;0.7350215686274547;0.2711153564215086;0.02996164908916587;0.0;0;3
13;0;0;0;0.9177514535497354;0.8860384615384653;0.031712992011269946
4;3;0;0;1.2933897074214542;0.24421666666667013;1.0491730407547841
#auto generated file!
34;5;0;0;1.0403877747281072;0.6495871764621425;0.39080059826596475;0.027564717162032595;0.0;0;5
22;0;0;0;0.9091921043784442;0.8774423030172596;0.031749801361184854
12;5;0;0;1.2809131703691559;0.23185277777776125;1.0490603925913946
#auto generated file!
9;1;0;0;1.2046614410167473;0.9450006376985018;0.25966080331824537;0.09467881112176411;0.0;0;1
7;0;0;0;1.1660098277181337;1.1319579627552205;0.03405186496291336
2;1;0;0;1.3399420875618944;0.29064999999998686;1.0492920875619074
#auto generated file!
28;5;0;0;0.9812799963577683;0.5144220309183012;0.46685796543946706;0.05872483221476511;0.0;0;5
16;0;0;0;0.6908591938265651;0.6605927207737116;0.030266473052853533
12;5;0;0;1.3685077330660391;0.3195277777777538;1.0489799552882852
