#auto generated file!
25;21;0;0;1.691271681565388;1.00842312570185;0.6828485558635379;0.09947267497603068;0.0;0;21
9;0;0;0;0.704947824538888;0.6742272010236768;0.03072062351521101
16;21;0;0;2.2460788511427943;1.1964083333333226;1.0496705178094718
#auto generated file!
16;13;0;0;2.224180645813247;1.4284763934286822;0.795704252384565;0.1809683604985619;0.0;0;13
4;0;0;0;1.8812233655574175;1.8471389070481032;0.034084458509314255
12;13;0;0;2.3384997392318567;1.288922222222208;1.0495775170096484
#auto generated file!
13;8;0;0;2.31596869137364;1.3452219092891686;0.970746782084471;0.1629913710450624;0.0;0;8
1;0;0;0;3.235473581891142;3.211384820759178;0.024088761131963912
12;8;0;0;2.2393432838305145;1.1897083333333343;1.04963495049718
#auto generated file!
18;20;0;0;2.198152491813941;1.2612362958724426;0.9369161959414988;0.13782358581016302;0.0;0;20
2;0;0;0;2.83811017943475;2.804076662852136;0.03403351658261427
16;20;0;0;2.11815778086134;1.068381249999981;1.0497765308613594
#auto generated file!
14;10;0;0;1.5825615520294238;0.6062047619047395;0.9763567901246846;0.13302972195589646;0.0;0;10
1;0;0;0;1.6297833393649626;1.6056666666667263;0.02411667269823623
13;10;0;0;1.578929106849767;0.5293230769230483;1.0496060299267191
