#auto generated file!
79;5;0;0;1.32680545690036;1.0789459837285642;0.24785947317179552;0.08149568552253113;0.0;0;5
62;0;0;0;1.3283012010681678;1.3001085921702755;0.02819260889789243
17;5;0;0;1.3213503899354129;0.2723529411764412;1.0489974487589717
#auto generated file!
35;4;0;0;0.8761049036151194;0.7024685359230977;0.17363636769202156;0.02636625119846596;0.0;0;4
30;0;0;0;0.8146724870008342;0.7869844030213983;0.027688083979435705
5;4;0;0;1.244699403300831;0.19537333333329426;1.0493260699675366
#auto generated file!
57;6;0;0;0.9810364086119869;0.6306641995841998;0.35037220902778715;0.08149568552253114;0.0;0;6
39;0;0;0;0.8415388946696337;0.8136784455461423;0.027860449123491306
18;6;0;0;1.2832810221537523;0.23413333333332392;1.0491476888204283
#auto generated file!
46;5;0;0;0.9665934723196566;0.6280044092207532;0.3385890630989035;0.06471716203259827;0.0;0;5
32;0;0;0;0.8072781006592837;0.7795157132548346;0.027762387404449147
14;5;0;0;1.330742893257652;0.28169285714285236;1.0490500361147996
#auto generated file!
38;5;0;0;0.83644039629899;0.5672299416813676;0.26921045461762244;0.04793863854266539;0.0;0;5
29;0;0;0;0.696148155839651;0.6690150959962852;0.027133059843365965
9;5;0;0;1.2884931711124163;0.2392555555555228;1.0492376155568934
