#auto generated file!
14;2;0;0;1.5817835882016595;1.2620585003035643;0.3197250878980951;0.06711409395973154;0.0;0;2
10;0;0;0;1.7120750414241286;1.6840652337583584;0.028009807665770103
4;2;0;0;1.256054955145487;0.20704166666657964;1.0490132884789074
#auto generated file!
64;8;0;0;1.000821080958779;0.8092890816348222;0.19153199932395676;0.05512943432406519;0.0;0;8
54;0;0;0;0.9499924160081592;0.9172796523079376;0.03271276370022179
10;8;0;0;1.2752958716921257;0.22614;1.0491558716921257
#auto generated file!
26;3;0;0;0.86299353975906;0.7130016784779423;0.14999186128111788;0.02037392138063279;0.0;0;3
23;0;0;0;0.7863303258965387;0.7536221872649191;0.03270813863161985
3;3;0;0;1.4507448460383898;0.40157777777778697;1.049167068260603
#auto generated file!
69;6;0;0;0.9970506639990971;0.7580712708284902;0.23897939317060674;0.04674017257909876;0.0;0;6
55;0;0;0;0.9244636089322678;0.8917239579484789;0.03273965098378877
14;6;0;0;1.282214094618784;0.2330071428571069;1.049206951761677
#auto generated file!
89;7;0;0;0.968873155298827;0.7078580227417758;0.26101513255705094;0.02277085330776606;0.0;0;7
69;0;0;0;0.8783807037233101;0.8458120389954371;0.032568664727872905
20;7;0;0;1.28107211323436;0.23191666666664376;1.0491554465677162
