#auto generated file!
546;205;1;0;1.4524712324011149;0.840499613731995;0.6119716186691201;0.12224352828379674;0.0;0;204
235;0;0;0;1.1489211566013855;1.1163322940326583;0.03258886256872719
311;205;1;0;1.6818418684555723;0.6320729903536797;1.049768878101893
#auto generated file!
386;137;1;0;1.4682824742808873;0.8745698317528844;0.5937126425280027;0.10306807286673056;0.0;0;136
173;0;0;0;1.1651274636388167;1.1329504145854563;0.03217704905336027
213;137;1;0;1.714506966492522;0.6647114241001384;1.0497955423923835
#auto generated file!
345;130;0;0;1.4263401163219347;0.83088771031578;0.5954524060061546;0.10906040268456374;0.0;0;130
154;0;0;0;1.1399228476939292;1.1079893510321228;0.031933496661806754
191;130;0;0;1.6572734114460856;0.6074654450261644;1.0498079664199218
#auto generated file!
380;151;1;0;1.5069831883619647;0.8750901672431768;0.631893021118788;0.11625119846596357;0.0;0;150
156;0;0;0;1.2522065653329655;1.2203014757633173;0.031905089569648576
224;151;1;0;1.6844169079714464;0.6346751488095075;1.0497417591619385
#auto generated file!
287;87;3;0;1.3358083779149885;0.8499439567402591;0.4858644211747292;0.3032118887823586;0.0;0;84
159;2;2;0;1.145712113134389;1.1137753600699507;0.03193675306443801
128;85;1;0;1.5719435818221394;0.5222158854166583;1.0497276964054818
