#auto generated file!
50;9;0;0;1.2497118113020513;0.973676974663407;0.2760348366386446;0.06951102588686481;0.0;0;9
38;0;0;0;1.23377341156225;1.2018609315746673;0.03191247998758282
12;9;0;0;1.3001834104780887;0.2510944444444152;1.0490889660336735
#auto generated file!
30;1;0;0;1.2774888107487925;0.9064476135050359;0.3710411972437566;0.08509108341323106;0.0;0;1
20;0;0;0;1.203968901988175;1.1719530869242396;0.03201581506393537
10;1;0;0;1.4245286282700278;0.37543666666662845;1.0490919616033993
#auto generated file!
86;11;0;0;1.551456864578911;1.1877576728048012;0.36369919177410887;0.06112176414189835;0.0;0;11
58;0;0;0;1.6613099610291917;1.6284970091013877;0.032812951927802994
28;11;0;0;1.3239040219319012;0.27479761904758687;1.049106402884314
#auto generated file!
14;5;0;0;1.3593808693815024;1.1092468985702766;0.2501339708112259;0.09228187919463084;0.0;0;5
11;0;0;0;1.3438850151753534;1.3116990830288346;0.032185932146518596
3;5;0;0;1.4161990014707158;0.36692222222222987;1.0492767792484858
#auto generated file!
43;3;0;0;1.2860665256277999;0.9932984225802745;0.29276810304752526;0.0874880153403643;0.0;0;3
32;0;0;0;1.2731125131643655;1.2403593386755811;0.032753174488784356
11;3;0;0;1.3237509255214273;0.27457575757574637;1.049175167945681
