#auto generated file!
335;185;1;0;1.6156039323182703;0.842283630881839;0.7733203014364316;0.12224352828379674;0.0;0;184
91;0;0;0;1.1613632253717776;1.1292595202793518;0.032103705092425945
244;185;1;0;1.785013376302413;0.7352557377048973;1.0497576385975158
#auto generated file!
197;85;1;0;1.6737197786664797;0.8767998961841772;0.7969198824823024;0.10306807286673056;0.0;0;84
49;0;0;0;1.2194818873161735;1.186419310509249;0.03306257680692401
148;85;1;0;1.8241093508027297;0.7742907657657415;1.0498185850369885
#auto generated file!
194;110;0;0;1.5809781507528717;0.8354239719007349;0.7455541788521365;0.10906040268456374;0.0;0;110
58;0;0;0;1.2702836285978512;1.238107193369168;0.03217643522868349
136;110;0;0;1.7134802263778068;0.6636914215686106;1.049788804809197
#auto generated file!
232;117;1;0;1.6132954575542118;0.8091229330718998;0.8041725244823121;0.11625119846596357;0.0;0;116
56;0;0;0;1.3234535356707242;1.291149770345535;0.03230376532518953
176;117;1;0;1.7055178872444126;0.6557507575757431;1.049767129668669
#auto generated file!
102;52;0;0;1.589360498167299;0.8290916669106454;0.7602688312566537;0.3032118887823586;0.0;0;52
29;0;0;0;1.2213159580165942;1.1896396560305693;0.03167630198602481
73;52;0;0;1.7355699730216885;0.6858602739725941;1.0497096990490955
