#auto generated file!
227;106;0;0;1.4259140844668907;0.7623032316161171;0.6636108528507735;0.06711409395973154;0.0;0;106
86;0;0;0;1.083806327175351;1.0522325609712613;0.03157376620408985
141;106;0;0;1.6345755534532196;0.5854669030732639;1.049108650379956
#auto generated file!
168;70;1;0;1.4020482797072125;0.8309346224781694;0.5711136572290432;0.05512943432406519;0.0;0;69
79;0;0;0;1.0123287157666354;0.979711180291145;0.03261753547549052
89;70;1;0;1.7479791285982866;0.6988745318351911;1.0491045967630956
#auto generated file!
101;43;0;0;1.202817441353433;0.6672667687170855;0.5355506726363476;0.02037392138063279;0.0;0;43
51;0;0;0;0.8492600259097398;0.8172100060214404;0.032050019888299544
50;43;0;0;1.563446005106;0.5143246666666436;1.0491213384393565
#auto generated file!
231;86;0;0;1.3822099709452509;0.7906602998580385;0.5915496710872125;0.04674017257909876;0.0;0;86
104;0;0;0;0.979609982566196;0.9468429096206094;0.03276707294558683
127;86;0;0;1.7118981504052644;0.6627627296587691;1.0491354207464956
#auto generated file!
122;14;0;0;1.0209105570959631;0.7302875467590808;0.2906230103368822;0.02277085330776606;0.0;0;14
91;0;0;0;0.9009763207726807;0.8687177366806802;0.03225858409200061
31;14;0;0;1.3729755733997917;0.3239279569892242;1.0490476164105673
