#auto generated file!
194;64;0;0;1.4445645704904613;0.9216721752519543;0.5228923952385068;0.08149568552253113;0.0;0;64
100;0;0;0;1.1861621737125312;1.1578530199888117;0.028309153723719574
94;64;0;0;1.7194607372754933;0.6704159574467871;1.0490447798287061
#auto generated file!
111;32;0;0;1.4970249593463107;0.9723222094676092;0.5247027498787017;0.02636625119846596;0.0;0;32
57;0;0;0;1.2727293595917357;1.2448432500159063;0.027886109575829352
54;32;0;0;1.733781425753918;0.6846611111110733;1.049120314642845
#auto generated file!
272;108;0;0;1.5445965507755655;0.8705758956010099;0.6740206551745554;0.08149568552253114;0.0;0;108
100;0;0;0;1.1546877850406105;1.1257707693681176;0.02891701567249311
172;108;0;0;1.7712876936447253;0.7222067829457164;1.0490809106990098
#auto generated file!
293;139;0;0;1.4702947985702748;0.7489117269126104;0.7213830716576646;0.06471716203259827;0.0;0;139
94;0;0;0;0.9499074698149397;0.9223766239581395;0.027530845856800497
199;139;0;0;1.7161058985853574;0.6669735343383412;1.0491323642470172
#auto generated file!
174;58;1;0;1.3202881017526282;0.7169697573786723;0.6033183443739558;0.04793863854266539;0.0;0;57
76;1;1;0;0.9045876842279368;0.8760965497880542;0.02849113443988256
98;57;0;0;1.6426680173840216;0.5935653061224171;1.0491027112616045
