#auto generated file!
0;0;0;0;0.0;0.0;0.0;0.12224352828379674;0.0;0;0
0;0;0;0;0.0;0.0;0.0
0;0;0;0;0.0;0.0;0.0
#auto generated file!
22;22;0;0;1.6645696820735003;0.799909748118414;0.8646599339550861;0.10306807286673056;0.0;0;22
4;0;0;0;0.7383006228679676;0.7067202813180148;0.031580341549952845
18;22;0;0;1.870407250785841;0.8206185185185026;1.049788732267338
#auto generated file!
26;8;0;0;1.5874880912026386;0.8509576923076884;0.7365303988949503;0.10906040268456374;0.0;0;8
8;0;0;0;0.6314201672859454;0.5998500000000061;0.03157016728593931
18;8;0;0;2.012407168498947;0.9625611111111027;1.049846057387844
#auto generated file!
36;23;0;0;1.6566399751461631;0.8332138948806477;0.8234260802655154;0.11625119846596357;0.0;0;23
8;0;0;0;0.9763285609459444;0.9447791936296517;0.0315493673162928
28;23;0;0;1.8510146649176542;0.8013380952380752;1.0496765696795791
#auto generated file!
6;10;2;0;1.3508208807217557;0.8108111111110965;0.540009769610659;0.3032118887823586;0.0;0;8
3;2;2;0;0.5230667990642056;0.49233333333332013;0.03073346573088549
3;8;0;0;2.178574962379306;1.129288888888873;1.0492860734904326
