#auto generated file!
97;54;0;0;1.5903917023455278;0.8043787211442202;0.7860129812013077;0.08149568552253113;0.0;0;54
25;0;0;0;1.0359442107917538;1.0075094380396268;0.028434772752126993
72;54;0;0;1.782908192468366;0.7338472222222038;1.0490609702461622
#auto generated file!
45;19;0;0;1.7081709452543097;0.8182784334016305;0.8898925118526791;0.02636625119846596;0.0;0;19
7;0;0;0;0.7558788224694695;0.7304280242487983;0.025450798220671263
38;19;0;0;1.8835931783988855;0.8344614035087315;1.0491317748901545
#auto generated file!
199;102;0;0;1.7094083036470487;0.9472804247428811;0.7621278789041673;0.08149568552253114;0.0;0;102
56;0;0;0;1.342727749401034;1.3133512712589837;0.029376478142050848
143;102;0;0;1.8530034857294038;0.8039240093239897;1.0490794764054148
#auto generated file!
234;130;0;0;1.5777750249450084;0.7643904632936013;0.8133845616514074;0.06471716203259827;0.0;0;130
54;0;0;0;0.9919115884879786;0.9643673162476482;0.027544272240330965
180;130;0;0;1.753534055882117;0.704397407407388;1.0491366484747298
#auto generated file!
96;43;0;0;1.5531310224553094;0.7588402777777513;0.7942907446775581;0.04793863854266539;0.0;0;43
24;0;0;0;1.131890531504484;1.1020388888888693;0.02985164261561476
72;43;0;0;1.693544519438918;0.644440740740712;1.049103778698206
