#auto generated file!
86;12;0;0;1.4828621730973353;1.1437613419524477;0.33910083114488765;0.09947267497603068;0.0;0;12
60;0;0;0;1.5713835670421692;1.5402957012429666;0.031087865799202963
26;12;0;0;1.2785820332246418;0.2286820512820204;1.0498999819426211
#auto generated file!
72;10;0;0;1.3981055933679027;1.1123132250774082;0.2857923682904942;0.1809683604985619;0.0;0;10
54;0;0;0;1.4288270450219183;1.397705287757537;0.031121757264380705
18;10;0;0;1.3059412384058566;0.2561370370370217;1.049804201368835
#auto generated file!
166;13;0;0;1.6430899461223196;1.4272076702724026;0.21588227584991693;0.1629913710450624;0.0;0;13
136;0;0;0;1.7298590411796315;1.6979113230285705;0.03194771815106104
30;13;0;0;1.2497367151958392;0.2000177777777751;1.049718937418064
#auto generated file!
102;11;0;0;1.4697189669781765;1.2582455281558493;0.21147343882232736;0.13782358581016302;0.0;0;11
84;0;0;0;1.5132383081351242;1.4814187762527358;0.031819531882388744
18;11;0;0;1.2666287082457535;0.21677037037037916;1.0498583378753743
#auto generated file!
120;17;0;0;1.6657217189222204;1.4468289228693603;0.21889279605286038;0.13302972195589646;0.0;0;17
98;0;0;0;1.7541445867967655;1.7217956198400408;0.03234896695672554
22;17;0;0;1.2718380347537923;0.22197727272723936;1.0498607620265525
