#auto generated file!
141;72;1;0;1.7732773407564868;0.9618838387551149;0.8113935020013717;0.06951102588686481;0.0;0;71
33;1;1;0;1.3969517972186778;1.3635390282163837;0.0334127690022939
108;71;0;0;1.8882657012819284;0.8391558641975053;1.0491098370844234
#auto generated file!
192;92;1;0;1.7060795671034763;0.9168034837818665;0.7892760833216101;0.08509108341323106;0.0;0;91
49;1;1;0;1.4126520927900679;1.3814980044786498;0.031154088311417756
143;91;0;0;1.8066246457143647;0.7575724941724797;1.049052151541885
#auto generated file!
46;27;0;0;1.6529157131233625;0.8250522568175115;0.827863456305851;0.06112176414189835;0.0;0;27
10;0;0;0;1.560157875981929;1.5291437146940194;0.031014161287909747
36;27;0;0;1.678681778995983;0.6294712962962592;1.049210482699724
#auto generated file!
137;80;0;0;1.6499101783902521;0.8384489527695906;0.8114612256206619;0.09228187919463084;0.0;0;80
32;0;0;0;1.4098495384955303;1.3780241623782128;0.03182537611731745
105;80;0;0;1.723071516262929;0.674006984126963;1.0490645321359666
#auto generated file!
184;97;2;0;1.757489679692938;1.0237816108543525;0.733708068838585;0.0874880153403643;0.0;0;95
57;1;1;0;1.6377543186100678;1.6067236794831088;0.031030639126959254
127;96;1;0;1.8112291724624152;0.7621461942256996;1.0490829782367157
