#auto generated file!
9;4;0;0;1.6261175328963116;0.689907407407397;0.9362101254889146;0.06711409395973154;0.0;0;4
1;0;0;0;1.3553901328386928;1.3214000000000439;0.03399013283864884
8;4;0;0;1.6599584579035138;0.6109708333333161;1.0489876245701977
#auto generated file!
13;13;1;0;2.191414455344749;1.1423128205128015;1.0491016348319477;0.05512943432406519;0.0;0;12
0;0;0;0;0.0;0.0;0.0
13;13;1;0;2.191414455344749;1.1423128205128015;1.0491016348319477
#auto generated file!
19;9;0;0;1.3087756147174348;0.5807578947368377;0.728017719980597;0.02037392138063279;0.0;0;9
6;0;0;0;0.7887453976464656;0.7564000000000325;0.03234539764643316
13;9;0;0;1.548789561057882;0.4996923076922863;1.0490972533655958
#auto generated file!
18;10;0;0;1.829257636263386;1.0063388888888771;0.8229187473745089;0.04674017257909876;0.0;0;10
4;0;0;0;0.7838134020227159;0.7522999999999711;0.03151340202274473
14;10;0;0;2.1279559889035773;1.078921428571422;1.0490345603321556
#auto generated file!
8;2;0;0;1.5371758412867784;0.9970166666666513;0.5401591746201271;0.02277085330776606;0.0;0;2
4;0;0;0;0.9992330987742122;0.967699999999998;0.03153309877421413
4;2;0;0;2.0751185837993447;1.0263333333333047;1.04878525046604
