#auto generated file!
201;85;1;0;1.6422978386903897;0.9572971734777759;0.6850006652126137;0.06951102588686481;0.0;0;84
72;1;1;0;1.3130829564209678;1.2804532204032768;0.03262973601769091
129;84;0;0;1.826045679957044;0.7769310077519153;1.049114672205129
#auto generated file!
249;108;1;0;1.6282279686171506;0.9101714231206808;0.71805654549647;0.08509108341323106;0.0;0;107
81;1;1;0;1.357684374039314;1.326140959140565;0.03154341489874862
168;107;0;0;1.7586686302886074;0.7096146825396654;1.049053947748942
#auto generated file!
148;48;0;0;1.5737761957833667;1.0329330878929164;0.5408431078904499;0.06112176414189835;0.0;0;48
74;0;0;0;1.6008956709092588;1.5683639235336124;0.032531747375645764
74;48;0;0;1.5466567206574746;0.4975022522522206;1.049154468405254
#auto generated file!
179;95;0;0;1.5914749249461921;0.8831966885112397;0.7082782364349529;0.09228187919463084;0.0;0;95
60;0;0;0;1.340785407657935;1.3084412318363525;0.032344175821582305
119;95;0;0;1.7178730008898513;0.6687876750700061;1.0490853258198454
#auto generated file!
243;108;2;0;1.6403411269582204;0.9931349049443859;0.6472062220138339;0.0874880153403643;0.0;0;106
96;1;1;0;1.4510229292337675;1.419198769807177;0.031824159426590774
147;107;1;0;1.7639775009823533;0.7148891156462382;1.0490883853361148
