#auto generated file!
8;2;0;0;1.855084142222843;1.1879874999999904;0.6670966422228527;0.08149568552253113;0.0;0;2
3;0;0;0;1.3479034401702468;1.3172666666667052;0.030636773503541607
5;2;0;0;2.159392563454401;1.1104199999999615;1.0489725634544391
#auto generated file!
2;6;0;0;1.5915168267761715;0.5425166666666161;1.0490001601095553;0.02636625119846596;0.0;0;6
0;0;0;0;0.0;0.0;0.0
2;6;0;0;1.5915168267761715;0.5425166666666161;1.0490001601095553
#auto generated file!
7;0;0;0;1.6066861403462553;0.7026714285713922;0.9040147117748631;0.08149568552253114;0.0;0;0
1;0;0;0;1.2658176972580577;1.2318000000000515;0.0340176972580062
6;0;0;0;1.6634975475276217;0.6144833333332823;1.0490142141943393
#auto generated file!
2;1;0;0;1.4233618365390726;0.8870333333333666;0.5363285032057059;0.06471716203259827;0.0;0;1
1;0;0;0;0.7213953199052412;0.6974000000000018;0.023995319905239353
1;1;0;0;2.125328353172904;1.0766666666667315;1.0486616865061724
#auto generated file!
7;5;0;0;2.1132539679743445;1.0642714285713732;1.0489825394029713;0.04793863854266539;0.0;0;5
0;0;0;0;0.0;0.0;0.0
7;5;0;0;2.1132539679743445;1.0642714285713732;1.0489825394029713
