#auto generated file!
194;104;0;0;1.7553584084794869;0.9943580393816313;0.7610003690978555;0.09947267497603068;0.0;0;104
55;0;0;0;1.7149805036826256;1.683628357091599;0.03135214659102619
139;104;0;0;1.7713352772840003;0.7216251798561037;1.049710097427896
#auto generated file!
298;132;1;0;1.7264161842612187;0.9908172838026539;0.7355989004585651;0.1809683604985619;0.0;0;131
92;1;1;0;1.5474624790075253;1.5153302598535459;0.03213221915398008
206;131;0;0;1.8063372565104407;0.7565687702265274;1.0497684862839138
#auto generated file!
183;93;0;0;1.8092087963968773;1.064931506500752;0.7442772898961252;0.1629913710450624;0.0;0;93
55;0;0;0;1.881908189290297;1.8487363458722224;0.03317184341807488
128;93;0;0;1.777970776012986;0.7281403645833234;1.0498304114296624
#auto generated file!
231;103;1;0;1.7457658455298821;0.9955352472017429;0.750230598328139;0.13782358581016302;0.0;0;102
68;1;1;0;1.7914405662840045;1.7591163054451802;0.03232426083882434
163;102;0;0;1.726711360798101;0.6769860940695115;1.0497252667285892
#auto generated file!
226;151;0;0;1.6762766215041016;0.9193382703689372;0.7569383511351638;0.13302972195589646;0.0;0;151
65;0;0;0;1.5026939659302596;1.4709192169751144;0.03177474895514534
161;151;0;0;1.7463565756177641;0.6966503105589913;1.0497062650587732
