#auto generated file!
10;3;0;0;0.6319227314722127;0.6039033333333299;0.02801939813888272;0.08149568552253113;0.0;0;3
10;0;0;0;0.6319227314722127;0.6039033333333299;0.02801939813888272
0;3;0;0;0.0;0.0;0.0
#auto generated file!
29;3;0;0;1.912254230031553;1.5666828847306753;0.345571345300878;0.02636625119846596;0.0;0;3
20;0;0;0;2.140712356470881;2.111676849526156;0.029035506944725155
9;3;0;0;1.404569504610824;0.35558518518516197;1.048984319425662
#auto generated file!
9;0;0;0;1.4213479013204575;0.824586633704693;0.5967612676157643;0.08149568552253114;0.0;0;0
4;0;0;0;1.5475474870573436;1.5160365925022694;0.031510894555074095
5;0;0;0;1.3203882327309486;0.27142666666663207;1.0489615660643168
#auto generated file!
11;3;0;0;1.2988178858342005;0.9001361894427984;0.39868169639140216;0.06471716203259827;0.0;0;3
7;0;0;0;1.3105402633215948;1.2836663929339143;0.02687387038768036
4;3;0;0;1.278303725231261;0.2289583333333457;1.0493453918979152
#auto generated file!
33;5;1;0;1.0318799610322897;0.6939222222222208;0.33795773881006885;0.04793863854266539;0.0;0;4
23;1;1;0;0.9302171619941609;0.9014333333333476;0.028783828660813363
10;4;0;0;1.2657043988199859;0.2166466666666292;1.0490577321533565
