#auto generated file!
22;0;0;0;1.1546873072193142;0.9369030712454692;0.21778423597384486;0.12224352828379674;0.0;0;0
18;0;0;0;1.0928831450389522;1.059914864855579;0.03296828018337355
4;0;0;0;1.432806037030943;0.3833499999999775;1.0494560370309656
#auto generated file!
12;3;0;0;1.1242333497654282;0.5841492751171634;0.5400840746482647;0.10306807286673056;0.0;0;3
6;0;0;0;0.9379637305150746;0.9072263280121017;0.030737402502972966
6;3;0;0;1.3105029690157817;0.2610722222222252;1.0494307467935562
#auto generated file!
47;5;0;0;1.1395205142568474;0.8692220521766273;0.2702984620802201;0.10906040268456374;0.0;0;5
36;0;0;0;1.0877889736410278;1.0556537903417074;0.032135183299320205
11;5;0;0;1.3088237380904388;0.25908181818181875;1.04974191990862
#auto generated file!
18;3;0;0;1.0814224076871488;0.8232768632594587;0.2581455444276902;0.11625119846596357;0.0;0;3
14;0;0;0;1.021039501594564;0.9891083480002676;0.03193115359429647
4;3;0;0;1.292762579011196;0.24286666666662748;1.0498959123445686
#auto generated file!
50;10;1;0;1.153912735909882;0.8161280926773632;0.3377846432325186;0.3032118887823586;0.0;0;9
35;0;0;0;1.0866023525241775;1.0539667990629082;0.03263555346126917
15;10;1;0;1.3109702971431925;0.26117111111109137;1.0497991860321012
