#auto generated file!
90;20;0;0;1.1707381611036745;0.7884412473416741;0.38229691376200037;0.023969319271332695;0.0;0;20
59;0;0;0;0.9520364058390274;0.9200555750409991;0.031980830798028395
31;20;0;0;1.5869769856396154;0.5379494623655391;1.0490275232740762
#auto generated file!
174;59;0;0;1.3448259460266798;0.6755453175664285;0.6692806284602513;0.02996164908916587;0.0;0;59
65;0;0;0;0.8562255166858121;0.8237382347163176;0.032487281969494464
109;59;0;0;1.636193174532702;0.5871733944953939;1.0490197800373082
#auto generated file!
132;55;0;0;1.4122146490818714;0.7329085656543803;0.679306083427491;0.027564717162032595;0.0;0;55
48;0;0;0;0.9416947729515973;0.9095527222162452;0.03214205073535217
84;55;0;0;1.6810831497277423;0.6319690476190291;1.0491141021087131
#auto generated file!
277;133;0;0;1.5676767847442776;0.8561875558510064;0.7114892288932714;0.09467881112176411;0.0;0;133
92;0;0;0;1.1414903353439978;1.1087683293920325;0.03272200595196488
185;133;0;0;1.779618154175768;0.7305798198197937;1.0490383343559746
#auto generated file!
180;60;0;0;1.2580758610284917;0.6723875526573875;0.5856883083711041;0.05872483221476511;0.0;0;60
82;0;0;0;0.8014960479759774;0.7696649529877968;0.031831094988180715
98;60;0;0;1.6401120311336568;0.5909921768707189;1.0491198542629379
