#auto generated file!
0;0;0;0;0.0;0.0;0.0;0.06951102588686481;0.0;0;0
0;0;0;0;0.0;0.0;0.0
0;0;0;0;0.0;0.0;0.0
#auto generated file!
16;4;0;0;1.5805832965356217;1.039122108277931;0.541461188257691;0.08509108341323106;0.0;0;4
8;0;0;0;1.7919604435563485;1.7579525498892288;0.03400789366711972
8;4;0;0;1.3692061495148948;0.32029166666663267;1.0489144828482622
#auto generated file!
10;3;0;0;1.2409300178261362;0.5988866666666458;0.6420433511594903;0.06112176414189835;0.0;0;3
4;0;0;0;1.2050177570905305;1.1734999999999736;0.031517757090556806
6;3;0;0;1.2648715249832065;0.21581111111109388;1.0490604138721127
#auto generated file!
15;5;0;0;1.1446402887981966;0.9083073867173952;0.2363329020808016;0.09228187919463084;0.0;0;5
12;0;0;0;1.098956496513395;1.0657786778412093;0.03317781867218608
3;5;0;0;1.3273754579374024;0.2784222222221387;1.0489532357152636
#auto generated file!
9;0;0;0;0.8550999211895297;0.5955111111110917;0.2595888100784378;0.0874880153403643;0.0;0;0
7;0;0;0;0.7438006606297327;0.7097619047618844;0.034038755867848235
2;0;0;0;1.2446473331488193;0.19563333333331734;1.049013999815502
