#auto generated file!
63;11;0;0;1.0800427966051158;0.7734187131336249;0.3066240834714911;0.023969319271332695;0.0;0;11
46;0;0;0;0.9952989213093362;0.9630263534946192;0.03227256781471708
17;11;0;0;1.3093497532878138;0.2603627450979928;1.0489870081898207
#auto generated file!
38;3;0;0;0.9881967343270116;0.6079526315789435;0.38024410274806797;0.02996164908916587;0.0;0;3
25;0;0;0;0.8243385065429891;0.791900000000008;0.03243850654298099
13;3;0;0;1.3033087108347472;0.25420769230766543;1.049101018527082
#auto generated file!
0;0;0;0;0.0;0.0;0.0;0.027564717162032595;0.0;0;0
0;0;0;0;0.0;0.0;0.0
0;0;0;0;0.0;0.0;0.0
#auto generated file!
21;6;0;0;1.0737542314137496;0.8956464581535398;0.17810777326020982;0.09467881112176411;0.0;0;6
18;0;0;0;1.0265956741971078;0.9936782752532126;0.03291739894389506
3;6;0;0;1.356705574713601;0.30745555555550247;1.0492500191580987
#auto generated file!
53;4;0;0;0.7516819446183005;0.5084918832517148;0.24319006136658572;0.05872483221476511;0.0;0;4
42;0;0;0;0.6183062293347457;0.5861818209287597;0.032124408405986016
11;4;0;0;1.2609346757009647;0.21185757575754335;1.0490770999434214
