#auto generated file!
20;2;0;0;1.0416848538159484;0.7548571550635934;0.28682769875235514;0.06711409395973154;0.0;0;2
15;0;0;0;0.9740082489109341;0.9413228734181245;0.03268537549280991
5;2;0;0;1.2447146685309918;0.19546000000000102;1.0492546685309907
#auto generated file!
0;0;0;0;0.0;0.0;0.0;0.05512943432406519;0.0;0;0
0;0;0;0;0.0;0.0;0.0
0;0;0;0;0.0;0.0;0.0
#auto generated file!
17;1;0;0;0.9265369007709827;0.5957176470588227;0.3308192537121601;0.02037392138063279;0.0;0;1
12;0;0;0;0.7916324553485694;0.7601250000000094;0.03150745534856004
5;1;0;0;1.2503075697847748;0.20113999999997478;1.0491675697848002
#auto generated file!
6;1;0;0;1.219353268213922;0.8503922625178436;0.36896100569607854;0.04674017257909876;0.0;0;1
4;0;0;0;1.189224288690923;1.1602133937767993;0.029010894914123574
2;1;0;0;1.2796112272599203;0.23074999999993207;1.0488612272599882
#auto generated file!
25;5;0;0;1.0409588165527066;0.7247833338902636;0.31617548266244283;0.02277085330776606;0.0;0;5
18;0;0;0;0.9657580132393725;0.9345268526253743;0.031231160613998207
7;5;0;0;1.2343323107869943;0.1854428571428366;1.0488894536441575
