#auto generated file!
0;0;0;0;0.0;0.0;0.0;0.023969319271332695;0.0;0;0
0;0;0;0;0.0;0.0;0.0
0;0;0;0;0.0;0.0;0.0
#auto generated file!
105;44;0;0;1.4523383259040394;0.6549516056180199;0.7973867202860194;0.02996164908916587;0.0;0;44
26;0;0;0;0.8834770823281505;0.8506148175600152;0.03286226476813498
79;44;0;0;1.639558482017623;0.5905561181434391;1.0490023638741839
#auto generated file!
89;42;0;0;1.5360016716283225;0.7495535580524212;0.7864481135759012;0.027564717162032595;0.0;0;42
23;0;0;0;0.9523122184962646;0.9196086956521773;0.032703522844087354
66;42;0;0;1.7394086022652517;0.6902919191919004;1.0491166830733514
#auto generated file!
242;123;0;0;1.6068375084048512;0.8392322518328568;0.7676052565719943;0.09467881112176411;0.0;0;123
67;0;0;0;1.1697958197324316;1.1372652479137706;0.032530571818660654
175;123;0;0;1.7741620406394343;0.7251281904761645;1.04903385016327
#auto generated file!
93;50;0;0;1.5751235064598113;0.7556222881750164;0.8195012182847948;0.05872483221476511;0.0;0;50
21;0;0;0;1.1414051975563517;1.1092828317593022;0.03212236579704965
72;50;0;0;1.701624679889987;0.652471296296267;1.0491533835937201
