#auto generated file!
11;4;0;0;1.9769496254920063;1.0200969696969175;0.9568526557950883;0.023969319271332695;0.0;0;4
1;0;0;0;0.1337224268402224;0.09966666666668834;0.03405576017353405
10;4;0;0;2.1612723453571845;1.1121399999999406;1.0491323453572439
#auto generated file!
14;9;0;0;1.9177419113185254;0.9412428571428497;0.9764990541756757;0.02996164908916587;0.0;0;9
1;0;0;0;0.14502288432458954;0.11099999999999283;0.034022884324596714
13;9;0;0;2.054104913394982;1.0051076923076847;1.0489972210872973
#auto generated file!
9;8;0;0;1.592777840347853;0.8830777777777634;0.7097000625700897;0.027564717162032595;0.0;0;8
3;0;0;0;1.098647259978937;1.0679333333333274;0.030713926645609495
6;8;0;0;1.839843130532311;0.7906499999999813;1.0491931305323297
#auto generated file!
5;3;0;0;2.4002001022702983;1.3512333333333102;1.0489667689369884;0.09467881112176411;0.0;0;3
0;0;0;0;0.0;0.0;0.0
5;3;0;0;2.4002001022702983;1.3512333333333102;1.0489667689369884
#auto generated file!
6;1;0;0;2.108697653596437;1.5671666666666517;0.5415309869297851;0.05872483221476511;0.0;0;1
3;0;0;0;1.5768526840208021;1.542822222222233;0.03403046179856895
3;1;0;0;2.6405426231720717;1.5915111111110702;1.0490315120610012
