#auto generated file!
189;20;0;0;1.1979833587595936;0.826115900448957;0.371867458310637;0.12224352828379674;0.0;0;20
126;0;0;0;1.147940648268196;1.115055596705185;0.032885051563011136
63;20;0;0;1.2980687797423889;0.24823650793650032;1.049832271805889
#auto generated file!
155;27;0;0;1.2059542288537017;0.9048165790214155;0.30113764983228647;0.10306807286673056;0.0;0;27
114;0;0;0;1.168696963653162;1.1368038282016322;0.03189313545152983
41;27;0;0;1.3095476003869102;0.25977886178861787;1.0497687385982921
#auto generated file!
78;7;0;0;1.160838773636794;0.7898163212551298;0.3710224523816644;0.10906040268456374;0.0;0;7
52;0;0;0;1.1088443018620227;1.0772655075237234;0.031578794338299146
26;7;0;0;1.2648277171863367;0.21491794871794176;1.0499097684683951
#auto generated file!
94;8;0;0;1.268770457248286;1.063862333248435;0.2049081239998516;0.11625119846596357;0.0;0;8
78;0;0;0;1.2708415985191106;1.239190931521623;0.031650666997488086
16;8;0;0;1.258673643553017;0.20913541666664323;1.0495382268863738
#auto generated file!
129;15;0;0;1.205129236966764;0.8813588702250684;0.3237703667416957;0.3032118887823586;0.0;0;15
92;0;0;0;1.1646715268516064;1.132879285424282;0.031792241427324425
37;15;0;0;1.3057267864422915;0.25595675675675417;1.0497700296855375
