#auto generated file!
338;142;0;0;1.643243374153809;1.0393844790291829;0.6038588951246261;0.09947267497603068;0.0;0;142
148;0;0;0;1.5404457707610715;1.509000139044143;0.031445631716928345
190;142;0;0;1.723317296796573;0.6735785964912134;1.049738700305359
#auto generated file!
411;162;2;0;1.6593470108440207;1.0208006111102381;0.6385463997337826;0.1809683604985619;0.0;0;160
166;2;2;0;1.4850692670444692;1.4534523162629138;0.031616950781555554
245;160;0;0;1.7774290739898388;0.7276570068027111;1.049772067187128
#auto generated file!
380;115;0;0;1.7325528528592056;1.2263144831983075;0.506238369660898;0.1629913710450624;0.0;0;115
203;0;0;0;1.7605303862621302;1.728224155740681;0.03230623052144943
177;115;0;0;1.7004656252840997;0.6506779661016872;1.0497876591824125
#auto generated file!
383;139;2;0;1.6700330007189512;1.0933130760454466;0.5767199246735045;0.13782358581016302;0.0;0;137
178;2;2;0;1.6355538915106702;1.603605663625894;0.03194822788477654
205;137;0;0;1.6999709589583367;0.6502297560975463;1.0497412028607904
#auto generated file!
390;182;0;0;1.661878728762422;1.0974627184287433;0.5644160103336783;0.13302972195589646;0.0;0;182
186;0;0;0;1.6543945717763944;1.622248531472476;0.03214604030391899
204;182;0;0;1.6687025189555642;0.6189815359476942;1.0497209830078702
