#auto generated file!
184;98;0;0;1.4460259351455174;0.7286288304601645;0.7173971046853527;0.06711409395973154;0.0;0;98
60;0;0;0;1.0020179976056032;0.9701684134112161;0.031849584194387145
124;98;0;0;1.6608684855680562;0.6117548387096561;1.0491136468584001
#auto generated file!
91;49;0;0;1.5714634493403088;0.8016752602751364;0.7697881890651725;0.05512943432406519;0.0;0;49
25;0;0;0;1.1469751232449437;1.1145632807348727;0.032411842510070975
66;49;0;0;1.7322544819521897;0.6831570707070544;1.0490974112451352
#auto generated file!
39;30;0;0;1.498176039749313;0.7101102564102367;0.7880657833390763;0.02037392138063279;0.0;0;30
10;0;0;0;1.0994601975714715;1.0684500000000012;0.031010197571470072
29;30;0;0;1.635664261189948;0.58654482758618;1.049119433603768
#auto generated file!
138;69;0;0;1.5235597855825418;0.776225782644451;0.7473340029380912;0.04674017257909876;0.0;0;69
41;0;0;0;1.0522387544574416;1.018946130201706;0.033292624255735974
97;69;0;0;1.7227779533776875;0.6736326460480868;1.049145307329601
#auto generated file!
0;0;0;0;0.0;0.0;0.0;0.02277085330776606;0.0;0;0
0;0;0;0;0.0;0.0;0.0
0;0;0;0;0.0;0.0;0.0
