#auto generated file!
10;4;0;0;1.7584169965001137;0.810726187139141;0.9476908093609726;0.06951102588686481;0.0;0;4
1;0;0;0;1.5591739147278076;1.525128538057908;0.03404537666989953
9;4;0;0;1.7805551166970366;0.7313481481481668;1.0492069685488696
#auto generated file!
11;11;0;0;1.2952263849790262;0.6170030303030155;0.6782233546760107;0.08509108341323106;0.0;0;11
4;0;0;0;0.5843550405642048;0.555333333333329;0.029021707230875805
7;11;0;0;1.7014385817874955;0.6522428571428363;1.0491957246446593
#auto generated file!
6;7;0;0;1.8416939400359809;1.1309444444444543;0.7107494955915264;0.06112176414189835;0.0;0;7
2;0;0;0;0.8443260597053097;0.8103333333333655;0.033992726371944094
4;7;0;0;2.3403778802013164;1.291249999999999;1.0491278802013175
#auto generated file!
13;5;0;0;1.741183124814606;1.0823564102563976;0.6588267145582081;0.09228187919463084;0.0;0;5
5;0;0;0;1.4723452205059004;1.438333333333332;0.03401188717256846
8;5;0;0;1.909206815007547;0.8598708333333139;1.0493359816742331
#auto generated file!
7;8;0;0;1.7468618420922601;0.697790476190474;1.0490713659017863;0.0874880153403643;0.0;0;8
0;0;0;0;0.0;0.0;0.0
7;8;0;0;1.7468618420922601;0.697790476190474;1.0490713659017863
