#auto generated file!
33;5;0;0;1.3657209179836807;1.0555285067081994;0.3101924112754809;0.09947267497603068;0.0;0;5
24;0;0;0;1.3764375802797513;1.343611418946006;0.03282616133374491
9;5;0;0;1.3371431518608259;0.28730740740738203;1.0498357444534436
#auto generated file!
25;7;1;0;1.2507642196619326;0.8537330437073894;0.397031175954543;0.1809683604985619;0.0;0;6
16;1;1;0;1.2170872729547675;1.1873787141261276;0.029708558828639937
9;6;0;0;1.3106343471413373;0.26058518518518836;1.050049161956149
#auto generated file!
18;1;0;0;1.356908350094844;0.9284822133189543;0.4284261367758897;0.1629913710450624;0.0;0;1
11;0;0;0;1.3987649834477338;1.3656072581582928;0.033157725289441047
7;1;0;0;1.291133640540303;0.24157142857142258;1.0495622119688803
#auto generated file!
32;5;1;0;1.464770296047833;1.1789677757563404;0.2858025202914927;0.13782358581016302;0.0;0;4
24;1;1;0;1.521766497473628;1.4906070343417828;0.03115946313184527
8;4;0;0;1.293781691770448;0.24405000000001317;1.049731691770435
#auto generated file!
30;4;0;0;1.5750573252779732;1.2711224557613499;0.303934869516623;0.13302972195589646;0.0;0;4
22;0;0;0;1.6593786236133872;1.6266745608866986;0.03270406272668844
8;4;0;0;1.3431737548555844;0.2933541666666415;1.0498195881889432
